<?xml version="1.0" encoding="UTF-8"?>
<!-- Generated by org.testng.reporters.JUnitXMLReporter -->
<testsuite ignored="0" hostname="MacBook-Pro.local" failures="0" tests="3" name="UI Tests" time="6.009" errors="0" timestamp="2026-01-25T08:20:36 EST">
  <testcase classname="tests.LoginTest" name="addItemToCartShowsBadge" time="0.752"/>
  <testcase classname="tests.LoginTest" name="invalidPasswordError" time="0.537"/>
  <testcase classname="tests.LoginTest" name="userLogIn" time="0.551"/>
</testsuite> <!-- UI Tests -->
