<?xml version="1.0" encoding="UTF-8"?>
<!-- Generated by org.testng.reporters.JUnitReportReporter -->
<testsuite hostname="MacBook-Pro.local" failures="0" tests="3" name="tests.LoginTest" time="3.011" errors="0" timestamp="2026-01-25T08:20:36 EST" skipped="0">
  <testcase classname="tests.LoginTest" name="userLogIn" time="1.340"/>
  <testcase classname="tests.LoginTest" name="invalidPasswordError" time="0.760"/>
  <testcase classname="tests.LoginTest" name="addItemToCartShowsBadge" time="0.911"/>
</testsuite> <!-- tests.LoginTest -->
